{"/home/anabil/order-exec-engine/src/lib/mockDexRouter.ts": {"path":"/home/anabil/order-exec-engine/src/lib/mockDexRouter.ts","statementMap":{"0":{"start":{"line":2,"column":29},"end":{"line":2,"column":74}},"1":{"start":{"line":2,"column":55},"end":{"line":2,"column":72}},"2":{"start":{"line":3,"column":32},"end":{"line":3,"column":86}},"3":{"start":{"line":6,"column":18},"end":{"line":6,"column":23}},"4":{"start":{"line":7,"column":30},"end":{"line":7,"column":47}},"5":{"start":{"line":8,"column":14},"end":{"line":8,"column":16}},"6":{"start":{"line":10,"column":4},"end":{"line":10,"column":41}},"7":{"start":{"line":10,"column":22},"end":{"line":10,"column":39}},"8":{"start":{"line":12,"column":4},"end":{"line":12,"column":97}},"9":{"start":{"line":15,"column":4},"end":{"line":15,"column":41}},"10":{"start":{"line":15,"column":22},"end":{"line":15,"column":39}},"11":{"start":{"line":16,"column":4},"end":{"line":16,"column":97}},"12":{"start":{"line":19,"column":4},"end":{"line":19,"column":64}},"13":{"start":{"line":19,"column":21},"end":{"line":19,"column":62}},"14":{"start":{"line":20,"column":26},"end":{"line":20,"column":72}},"15":{"start":{"line":21,"column":4},"end":{"line":21,"column":64}},"16":{"start":{"line":5,"column":0},"end":{"line":5,"column":21}}},"fnMap":{"0":{"name":"sleep","decl":{"start":{"line":2,"column":9},"end":{"line":2,"column":14}},"loc":{"start":{"line":2,"column":25},"end":{"line":2,"column":76}}},"1":{"name":"(anonymous_1)","decl":{"start":{"line":2,"column":48},"end":{"line":2,"column":49}},"loc":{"start":{"line":2,"column":55},"end":{"line":2,"column":72}}},"2":{"name":"generateMockTxHash","decl":{"start":{"line":3,"column":9},"end":{"line":3,"column":27}},"loc":{"start":{"line":3,"column":27},"end":{"line":3,"column":88}}},"3":{"name":"(anonymous_3)","decl":{"start":{"line":7,"column":2},"end":{"line":7,"column":14}},"loc":{"start":{"line":7,"column":26},"end":{"line":7,"column":49}}},"4":{"name":"(anonymous_4)","decl":{"start":{"line":9,"column":2},"end":{"line":9,"column":7}},"loc":{"start":{"line":9,"column":73},"end":{"line":13,"column":3}}},"5":{"name":"(anonymous_5)","decl":{"start":{"line":14,"column":2},"end":{"line":14,"column":7}},"loc":{"start":{"line":14,"column":73},"end":{"line":17,"column":3}}},"6":{"name":"(anonymous_6)","decl":{"start":{"line":18,"column":2},"end":{"line":18,"column":7}},"loc":{"start":{"line":18,"column":43},"end":{"line":22,"column":3}}}},"branchMap":{"0":{"loc":{"start":{"line":10,"column":4},"end":{"line":10,"column":41}},"type":"if","locations":[{"start":{"line":10,"column":4},"end":{"line":10,"column":41}}]},"1":{"loc":{"start":{"line":15,"column":4},"end":{"line":15,"column":41}},"type":"if","locations":[{"start":{"line":15,"column":4},"end":{"line":15,"column":41}}]},"2":{"loc":{"start":{"line":19,"column":4},"end":{"line":19,"column":64}},"type":"if","locations":[{"start":{"line":19,"column":4},"end":{"line":19,"column":64}}]}},"s":{"0":0,"1":0,"2":0,"3":1,"4":1,"5":1,"6":0,"7":0,"8":0,"9":0,"10":0,"11":0,"12":0,"13":0,"14":0,"15":0,"16":1},"f":{"0":0,"1":0,"2":0,"3":1,"4":0,"5":0,"6":0},"b":{"0":[0],"1":[0],"2":[0]}}
}
